Experiment Configuration

- No softmax / No norm in Dr / lr = 0.005 / Using class balance
- Only simple rules 5 breaks (categorical was not implemented)
- Batch size: 4000 / Num workers: 4 / Cross Entropy Loss

----------------------------------------------------------------

Training time: 4913.94s, epochs: 31

Least training loss reached: 2.574

Training Time: 4913.9
Epochs: 31
Min Loss: 2.574
Accuracy: 66.2%
Confusion Matrix:
[[2223 1019]
 [ 445  638]]
AUC score: 0.677
Most important rules

 For class No Stroke
  Rule 175: 03317 < 5.172 (0.753)
	 A: 0.753	 B: 0.000	A,B: 0.247
  Rule 180: 03317 > 7.127 (0.644)
	 A: 0.644	 B: 0.000	A,B: 0.356
  Rule 1: age < 59.440 (0.631)
	 A: 0.631	 B: 0.000	A,B: 0.369
  Rule 24: 304 > 28.498 (0.609)
	 A: 0.609	 B: 0.000	A,B: 0.391
  Rule 85: 00303 < 10.585 (0.602)
	 A: 0.602	 B: 0.000	A,B: 0.398
  Rule 115: 00308 < 13.629 (0.587)
	 A: 0.587	 B: 0.000	A,B: 0.413
  Rule 73: 00460 < 36.539 (0.558)
	 A: 0.558	 B: 0.000	A,B: 0.442
  Rule 126: 00407 > 6.888 (0.550)
	 A: 0.550	 B: 0.000	A,B: 0.450
  Rule 42: 306 > 93.170 (0.548)
	 A: 0.548	 B: 0.000	A,B: 0.452
  Rule 174: 00410 > 132.274 (0.544)
	 A: 0.544	 B: 0.000	A,B: 0.456
  Rule 163: 00484 < -45.134 (0.524)
	 A: 0.524	 B: 0.000	A,B: 0.476
  Rule 19: 304 < 16.145 (0.523)
	 A: 0.523	 B: 0.000	A,B: 0.477
  Rule 165: 6.495 < 00484 < 47.931 (0.462)
	 A: 0.462	 B: 0.000	A,B: 0.538
  Rule 164: -45.134 < 00484 < 6.495 (0.418)
	 A: 0.418	 B: 0.000	A,B: 0.582
  Rule 132: 00413 > 2.081 (0.402)
	 A: 0.402	 B: 0.000	A,B: 0.598
  Rule 167: 89.366 < 00484 < 140.996 (0.394)
	 A: 0.394	 B: 0.000	A,B: 0.606
  Rule 131: 1.506 < 00413 < 2.081 (0.391)
	 A: 0.391	 B: 0.000	A,B: 0.609
  Rule 5: 78.497 < age < 85.812 (0.385)
	 A: 0.385	 B: 0.000	A,B: 0.615
  Rule 2: 59.440 < age < 66.755 (0.377)
	 A: 0.377	 B: 0.000	A,B: 0.623
  Rule 129: 0.582 < 00413 < 1.044 (0.370)
	 A: 0.370	 B: 0.000	A,B: 0.630
  Rule 74: 36.539 < 00460 < 45.287 (0.363)
	 A: 0.363	 B: 0.000	A,B: 0.637
  Rule 162: 00483 > 507.384 (0.361)
	 A: 0.361	 B: 0.000	A,B: 0.639
  Rule 76: 52.307 < 00460 < 59.327 (0.352)
	 A: 0.352	 B: 0.000	A,B: 0.648
  Rule 3: 66.755 < age < 72.626 (0.343)
	 A: 0.343	 B: 0.000	A,B: 0.657
  Rule 128: 0.006 < 00413 < 0.582 (0.342)
	 A: 0.342	 B: 0.000	A,B: 0.658
  Rule 4: 72.626 < age < 78.497 (0.335)
	 A: 0.335	 B: 0.000	A,B: 0.665
  Rule 75: 45.287 < 00460 < 52.307 (0.333)
	 A: 0.333	 B: 0.000	A,B: 0.667
  Rule 135: -23.939 < 00481 < 34.745 (0.325)
	 A: 0.325	 B: 0.000	A,B: 0.674
  Rule 166: 47.931 < 00484 < 89.366 (0.304)
	 A: 0.304	 B: 0.000	A,B: 0.696
  Rule 136: 34.745 < 00481 < 93.430 (0.292)
	 A: 0.293	 B: 0.000	A,B: 0.707
  Rule 121: 00407 < 3.544 (0.291)
	 A: 0.291	 B: 0.000	A,B: 0.709
  Rule 79: 00302 < 335.659 (0.284)
	 A: 0.284	 B: 0.000	A,B: 0.716
  Rule 109: 00307 < 32.213 (0.275)
	 A: 0.275	 B: 0.000	A,B: 0.725
  Rule 91: 00304 < 31.905 (0.273)
	 A: 0.273	 B: 0.000	A,B: 0.727
  Rule 103: 00306 < 29.206 (0.265)
	 A: 0.265	 B: 0.000	A,B: 0.735
  Rule 142: 26.056 < 00482 < 62.007 (0.252)
	 A: 0.252	 B: 0.000	A,B: 0.748
  Rule 130: 1.044 < 00413 < 1.506 (0.234)
	 A: 0.234	 B: 0.000	A,B: 0.766
  Rule 78: 00460 > 68.075 (0.208)
	 A: 0.241	 B: 0.033	A,B: 0.726
  Rule 137: 93.430 < 00481 < 166.552 (0.205)
	 A: 0.206	 B: 0.000	A,B: 0.794
  Rule 77: 59.327 < 00460 < 68.075 (0.205)
	 A: 0.205	 B: 0.000	A,B: 0.795

 For class Stroke
  Rule 13: 303 < 17.353 (0.565)
	 A: 0.000	 B: 0.565	A,B: 0.435
  Rule 72: 02690 > 6.754 (0.562)
	 A: 0.000	 B: 0.562	A,B: 0.438
  Rule 67: 02690 < 4.664 (0.416)
	 A: 0.000	 B: 0.416	A,B: 0.584
  Rule 133: 00481 < -97.061 (0.313)
	 A: 0.000	 B: 0.313	A,B: 0.687
  Rule 70: 5.709 < 02690 < 6.174 (0.281)
	 A: 0.001	 B: 0.283	A,B: 0.716
  Rule 117: 17.650 < 00308 < 20.878 (0.223)
	 A: 0.000	 B: 0.223	A,B: 0.777
  Rule 7: gender < -0.038 (0.220)
	 A: 0.000	 B: 0.220	A,B: 0.780
  Rule 96: 00304 > 43.612 (0.213)
	 A: 0.000	 B: 0.213	A,B: 0.787
  Rule 36: 300 > 169.936 (0.212)
	 A: 0.000	 B: 0.212	A,B: 0.788
  Rule 30: 301 > 77.282 (0.207)
	 A: 0.000	 B: 0.207	A,B: 0.793