Training time: 1466.21s, epochs: 14
Least training loss reached: 0.517
Most important rules
 For class 0
  Rule 9: 0.206 < X[1] < 0.304
	 A: 0.290	 B: 0.000	A,B: 0.710
  Rule 10: 0.304 < X[1] < 0.379
	 A: 0.262	 B: 0.000	A,B: 0.738
  Rule 11: 0.379 < X[1] < 0.449
	 A: 0.310	 B: 0.000	A,B: 0.690
  Rule 12: 0.449 < X[1] < 0.523
	 A: 0.287	 B: 0.000	A,B: 0.713
  Rule 14: X[1] > 0.621
	 A: 0.307	 B: 0.000	A,B: 0.693
  Rule 20: 0.398 < X[2] < 0.482
	 A: 0.233	 B: 0.000	A,B: 0.767
  Rule 30: 0.025 < X[4] < 0.045
	 A: 0.209	 B: 0.000	A,B: 0.791
  Rule 31: 0.045 < X[4] < 0.060
	 A: 0.202	 B: 0.000	A,B: 0.798
  Rule 32: 0.060 < X[4] < 0.074
	 A: 0.282	 B: 0.000	A,B: 0.718
  Rule 33: 0.074 < X[4] < 0.089
	 A: 0.267	 B: 0.000	A,B: 0.733
  Rule 34: 0.089 < X[4] < 0.109
	 A: 0.252	 B: 0.000	A,B: 0.748
  Rule 70: X[9] > 0.756
	 A: 0.216	 B: 0.000	A,B: 0.784
  Rule 95: X[0]*X[2] < 2.331
	 A: 0.249	 B: 0.000	A,B: 0.751
  Rule 98: X[0]*X[4] > 0.513
	 A: 0.310	 B: 0.000	A,B: 0.690
  Rule 123: X[1]*X[5] < 10.480
	 A: 0.255	 B: 0.000	A,B: 0.745
  Rule 126: X[1]*X[7] > 0.412
	 A: 0.244	 B: 0.000	A,B: 0.756
  Rule 130: X[1]*X[9] > 0.239
	 A: 0.326	 B: 0.000	A,B: 0.674
  Rule 136: X[1]*X[12] > 0.066
	 A: 0.310	 B: 0.000	A,B: 0.690
  Rule 139: X[2]*X[3] < 1.318
	 A: 0.267	 B: 0.000	A,B: 0.733
  Rule 143: X[2]*X[5] < 7.705
	 A: 0.306	 B: 0.000	A,B: 0.694
  Rule 145: X[2]*X[6] < 28.065
	 A: 0.237	 B: 0.000	A,B: 0.763
  Rule 168: X[3]*X[9] > 2.503
	 A: 0.222	 B: 0.000	A,B: 0.778
  Rule 179: X[4]*X[6] < 6.181
	 A: 0.315	 B: 0.000	A,B: 0.685
  Rule 186: X[4]*X[10] > 0.699
	 A: 0.304	 B: 0.000	A,B: 0.696
  Rule 199: X[5]*X[9] < 14.632
	 A: 0.280	 B: 0.000	A,B: 0.720
  Rule 240: X[9]*X[12] > 0.092
	 A: 0.340	 B: 0.000	A,B: 0.660
 For class 1
  Rule 8: X[1] < 0.206
	 A: 0.000	 B: 0.222	A,B: 0.778
  Rule 65: 0.399 < X[9] < 0.483
	 A: 0.000	 B: 0.257	A,B: 0.743
  Rule 69: 0.672 < X[9] < 0.756
	 A: 0.000	 B: 0.250	A,B: 0.750
  Rule 119: X[1]*X[3] < 1.793
	 A: 0.000	 B: 0.216	A,B: 0.784
  Rule 129: X[1]*X[8] < 1.346
	 A: 0.000	 B: 0.248	A,B: 0.752
  Rule 133: X[1]*X[10] < 4.316
	 A: 0.000	 B: 0.268	A,B: 0.732
  Rule 135: X[1]*X[11] < 2.371
	 A: 0.000	 B: 0.291	A,B: 0.709
  Rule 138: X[2]*X[3] > 1.318
	 A: 0.000	 B: 0.266	A,B: 0.734
  Rule 142: X[2]*X[5] > 7.705
	 A: 0.000	 B: 0.223	A,B: 0.777
  Rule 146: X[2]*X[7] > 0.303
	 A: 0.000	 B: 0.234	A,B: 0.766
  Rule 158: X[3]*X[4] > 0.290
	 A: 0.000	 B: 0.272	A,B: 0.728
  Rule 165: X[3]*X[7] < 4.315
	 A: 0.000	 B: 0.328	A,B: 0.672
  Rule 169: X[3]*X[9] < 2.503
	 A: 0.000	 B: 0.240	A,B: 0.760
  Rule 187: X[4]*X[10] < 0.699
	 A: 0.000	 B: 0.267	A,B: 0.733
  Rule 229: X[8]*X[9] < 1.879
	 A: 0.000	 B: 0.291	A,B: 0.709
  Rule 244: X[10]*X[12] > 1.658
	 A: 0.015	 B: 0.221	A,B: 0.764
Accuracy in test: 82.8%
Confusion Matrix
[[306  32]
 [ 92 290]]