Training time: 335.02s, epochs: 27
Least training loss reached: 0.350
Most important rules
 For class 0
  Rule 1: X[0] < 1.965
	 A: 0.239	 B: 0.000	A,B: 0.761
  Rule 4: 5.060 < X[0] < 6.722
	 A: 0.228	 B: 0.000	A,B: 0.772
  Rule 5: X[0] > 6.722
	 A: 0.237	 B: 0.000	A,B: 0.763
  Rule 11: X[2] < 0.688
	 A: 0.239	 B: 0.000	A,B: 0.761
* Rule 13: 2.406 < X[2] < 3.885
* 	 A: 0.280	 B: 0.000	A,B: 0.720
  Rule 18: 2.013 < X[3] < 3.378
	 A: 0.217	 B: 0.008	A,B: 0.775
  Rule 21: X[4] < 1.339
	 A: 0.259	 B: 0.000	A,B: 0.741
  Rule 27: 0.490 < X[5] < 2.645
	 A: 0.228	 B: 0.000	A,B: 0.772
  Rule 28: 2.645 < X[5] < 4.501
	 A: 0.243	 B: 0.000	A,B: 0.757
  Rule 29: 4.501 < X[5] < 6.655
	 A: 0.224	 B: 0.001	A,B: 0.774
* Rule 33: 2.787 < X[6] < 4.003
*	 A: 0.267	 B: 0.000	A,B: 0.733
  Rule 34: 4.003 < X[6] < 5.414
	 A: 0.246	 B: 0.000	A,B: 0.754
  Rule 38: 2.111 < X[7] < 3.684
	 A: 0.234	 B: 0.000	A,B: 0.766
* Rule 39: 3.684 < X[7] < 5.510
*	 A: 0.270	 B: 0.000	A,B: 0.730
  Rule 52: X[0]*X[4] > 13.883
	 A: 0.226	 B: 0.000	A,B: 0.774
  Rule 59: X[0]*X[7] < 12.587
	 A: 0.229	 B: 0.000	A,B: 0.771
  Rule 61: X[0]*X[8] < 6.804
	 A: 0.234	 B: 0.000	A,B: 0.766
  Rule 63: X[1]*X[2] < 9.635
	 A: 0.250	 B: 0.000	A,B: 0.750
  Rule 67: X[1]*X[4] < 9.792
	 A: 0.260	 B: 0.000	A,B: 0.740
* Rule 69: X[1]*X[5] < 10.944
*	 A: 0.272	 B: 0.000	A,B: 0.728
  Rule 81: X[2]*X[5] < 11.237
	 A: 0.230	 B: 0.000	A,B: 0.770
  Rule 85: X[2]*X[7] < 9.114
	 A: 0.231	 B: 0.000	A,B: 0.769
  Rule 93: X[3]*X[6] < 9.150
	 A: 0.233	 B: 0.000	A,B: 0.767
  Rule 95: X[3]*X[7] < 7.810
	 A: 0.262	 B: 0.000	A,B: 0.738
  Rule 97: X[3]*X[8] < 4.222
	 A: 0.230	 B: 0.000	A,B: 0.770
  Rule 105: X[4]*X[8] < 5.007
	 A: 0.221	 B: 0.000	A,B: 0.779
  Rule 111: X[5]*X[8] < 5.596
	 A: 0.257	 B: 0.000	A,B: 0.743
  Rule 113: X[6]*X[7] < 9.837
	 A: 0.238	 B: 0.000	A,B: 0.762
  Rule 115: X[6]*X[8] < 5.318
	 A: 0.247	 B: 0.000	A,B: 0.753


 For class 1
  Rule 35: X[6] > 5.414
	 A: 0.000	 B: 0.223	A,B: 0.777
  Rule 42: 0.141 < X[8] < 1.137
	 A: 0.004	 B: 0.207	A,B: 0.789
* Rule 44: 1.995 < X[8] < 2.992
*	 A: 0.000	 B: 0.252	A,B: 0.748
  Rule 48: X[0]*X[2] > 13.661
	 A: 0.000	 B: 0.213	A,B: 0.787
  Rule 50: X[0]*X[3] > 11.707
	 A: 0.000	 B: 0.234	A,B: 0.766
  Rule 60: X[0]*X[8] > 6.804
	 A: 0.000	 B: 0.216	A,B: 0.784
  Rule 62: X[1]*X[2] > 9.635
	 A: 0.000	 B: 0.238	A,B: 0.762
  Rule 64: X[1]*X[3] > 8.257
	 A: 0.000	 B: 0.246	A,B: 0.754
  Rule 66: X[1]*X[4] > 9.792
	 A: 0.000	 B: 0.227	A,B: 0.773
  Rule 74: X[1]*X[8] > 4.799
	 A: 0.000	 B: 0.241	A,B: 0.759
* Rule 76: X[2]*X[3] > 8.477
*	 A: 0.000	 B: 0.262	A,B: 0.738
  Rule 78: X[2]*X[4] > 10.053
	 A: 0.000	 B: 0.225	A,B: 0.775
  Rule 80: X[2]*X[5] > 11.237
	 A: 0.000	 B: 0.221	A,B: 0.778
  Rule 90: X[3]*X[5] > 9.629
	 A: 0.000	 B: 0.230	A,B: 0.770
  Rule 92: X[3]*X[6] > 9.150
	 A: 0.000	 B: 0.217	A,B: 0.783
  Rule 94: X[3]*X[7] > 7.810
	 A: 0.000	 B: 0.248	A,B: 0.752
  Rule 112: X[6]*X[7] > 9.837
	 A: 0.000	 B: 0.231	A,B: 0.769
Accuracy in test: 98.1%
Confusion Matrix
[[130,   3],[  1,  76]]

